2023-01-03 14:15:44,822 [INFO] Activator:177 - 


2023-01-03 14:15:44,830 [INFO] Activator:178 - !SESSION log4j initialized
2023-01-03 14:16:05,179 [INFO] McuFinderGlobals:39 - Set McuFinder mode to 2 (CubeIDE integrated)
2023-01-03 14:16:05,479 [INFO] ApplicationProperties:181 - Using Application install path: D:\Workspace_DEEP\STM32CubeIDE_1.7.0\STM32CubeIDE\plugins\com.st.stm32cube.common.mx_6.3.0.202107141111
2023-01-03 14:16:05,510 [INFO] DbMcusXml:74 - Set database path to: D:\Workspace_DEEP\STM32CubeIDE_1.7.0\STM32CubeIDE\plugins\com.st.stm32cube.common.mx_6.3.0.202107141111\\db\/mcu/
2023-01-03 14:16:05,518 [INFO] DbBoardsPdsc:56 - Set plugin database path to: D:\Workspace_DEEP\STM32CubeIDE_1.7.0\STM32CubeIDE\plugins\com.st.stm32cube.common.mx_6.3.0.202107141111\\db\/plugins/boardmanager/
2023-01-03 14:16:05,521 [INFO] DbMcus:258 - Set plugin images path to: D:\Workspace_DEEP\STM32CubeIDE_1.7.0\STM32CubeIDE\plugins\com.st.stm32cube.common.mx_6.3.0.202107141111\\db\/plugins/mcufinder/images/
2023-01-03 14:16:05,521 [INFO] DbBoards:264 - Set plugin images path to: D:\Workspace_DEEP\STM32CubeIDE_1.7.0\STM32CubeIDE\plugins\com.st.stm32cube.common.mx_6.3.0.202107141111\\db\/plugins/mcufinder/images/
2023-01-03 14:16:05,521 [INFO] DbExamples:333 - Set plugin images path to: D:\Workspace_DEEP\STM32CubeIDE_1.7.0\STM32CubeIDE\plugins\com.st.stm32cube.common.mx_6.3.0.202107141111\\db\/plugins/mcufinder/images/
2023-01-03 14:16:05,657 [INFO] DbMcusAds:119 - Set database path to: C:\Users\matis\.stmcufinder\plugins\mcufinder//mcu/
2023-01-03 14:16:05,657 [INFO] DbMcusDocs:110 - Set database path to: C:\Users\matis\.stmcufinder\plugins\mcufinder//mcu/
2023-01-03 14:16:05,657 [INFO] DbMcusJson:64 - Set database path to: C:\Users\matis\.stmcufinder\plugins\mcufinder//mcu/
2023-01-03 14:16:05,657 [INFO] DbBoardsDocs:110 - Set database path to: C:\Users\matis\.stmcufinder\plugins\mcufinder//mcu/
2023-01-03 14:16:05,667 [INFO] DbBoardsJson:57 - Set database path to: C:\Users\matis\.stmcufinder\plugins\mcufinder//mcu/
2023-01-03 14:16:05,687 [INFO] CrossReferenceDbSqlite:196 - Set database path to: C:\Users\matis\.stmcufinder\plugins\mcufinder//mcu/cs/
2023-01-03 14:16:05,695 [INFO] DbExamplesSqlite:767 - Set database path to: C:\Users\matis\.stmcufinder\plugins\mcufinder//mcu/
2023-01-03 14:16:05,822 [INFO] RulesReader:57 - Compatibility file has been processed (242 Rules)
2023-01-03 14:16:05,937 [INFO] DbMcusXml:74 - Set database path to: D:\Workspace_DEEP\STM32CubeIDE_1.7.0\STM32CubeIDE\plugins\com.st.stm32cube.common.mx_6.3.0.202107141111\\db\/mcu/
2023-01-03 14:16:05,937 [INFO] DbBoardsPdsc:56 - Set plugin database path to: D:\Workspace_DEEP\STM32CubeIDE_1.7.0\STM32CubeIDE\plugins\com.st.stm32cube.common.mx_6.3.0.202107141111\\db\/plugins/boardmanager/
2023-01-03 14:16:05,937 [INFO] DbMcus:258 - Set plugin images path to: D:\Workspace_DEEP\STM32CubeIDE_1.7.0\STM32CubeIDE\plugins\com.st.stm32cube.common.mx_6.3.0.202107141111\\db\/plugins/mcufinder/images/
2023-01-03 14:16:05,937 [INFO] DbBoards:264 - Set plugin images path to: D:\Workspace_DEEP\STM32CubeIDE_1.7.0\STM32CubeIDE\plugins\com.st.stm32cube.common.mx_6.3.0.202107141111\\db\/plugins/mcufinder/images/
2023-01-03 14:16:05,937 [INFO] DbExamples:333 - Set plugin images path to: D:\Workspace_DEEP\STM32CubeIDE_1.7.0\STM32CubeIDE\plugins\com.st.stm32cube.common.mx_6.3.0.202107141111\\db\/plugins/mcufinder/images/
2023-01-03 14:16:05,937 [WARN] DbFile:35 - Overriding database path with different value: C:\Users\matis\.stmcufinder\plugins\mcufinder/ => C:\Users\matis\.stmcufinder\plugins\mcufinder
2023-01-03 14:16:05,937 [INFO] DbMcusAds:119 - Set database path to: C:\Users\matis\.stmcufinder\plugins\mcufinder//mcu/
2023-01-03 14:16:05,937 [WARN] DbFile:35 - Overriding database path with different value: C:\Users\matis\.stmcufinder\plugins\mcufinder/ => C:\Users\matis\.stmcufinder\plugins\mcufinder
2023-01-03 14:16:05,937 [INFO] DbMcusDocs:110 - Set database path to: C:\Users\matis\.stmcufinder\plugins\mcufinder//mcu/
2023-01-03 14:16:05,937 [WARN] DbFile:35 - Overriding database path with different value: C:\Users\matis\.stmcufinder\plugins\mcufinder/ => C:\Users\matis\.stmcufinder\plugins\mcufinder
2023-01-03 14:16:05,937 [INFO] DbMcusJson:64 - Set database path to: C:\Users\matis\.stmcufinder\plugins\mcufinder//mcu/
2023-01-03 14:16:05,937 [WARN] DbFile:35 - Overriding database path with different value: C:\Users\matis\.stmcufinder\plugins\mcufinder/ => C:\Users\matis\.stmcufinder\plugins\mcufinder
2023-01-03 14:16:05,937 [INFO] DbBoardsDocs:110 - Set database path to: C:\Users\matis\.stmcufinder\plugins\mcufinder//mcu/
2023-01-03 14:16:05,937 [WARN] DbFile:35 - Overriding database path with different value: C:\Users\matis\.stmcufinder\plugins\mcufinder/ => C:\Users\matis\.stmcufinder\plugins\mcufinder
2023-01-03 14:16:05,937 [INFO] DbBoardsJson:57 - Set database path to: C:\Users\matis\.stmcufinder\plugins\mcufinder//mcu/
2023-01-03 14:16:05,937 [WARN] DbFile:35 - Overriding database path with different value: C:\Users\matis\.stmcufinder\plugins\mcufinder/ => C:\Users\matis\.stmcufinder\plugins\mcufinder
2023-01-03 14:16:05,937 [WARN] DbFile:35 - Overriding database path with different value: C:\Users\matis\.stmcufinder\plugins\mcufinder/ => C:\Users\matis\.stmcufinder\plugins\mcufinder
2023-01-03 14:16:05,937 [INFO] CrossReferenceDbSqlite:196 - Set database path to: C:\Users\matis\.stmcufinder\plugins\mcufinder//mcu/cs/
2023-01-03 14:16:05,937 [WARN] DbFile:35 - Overriding database path with different value: C:\Users\matis\.stmcufinder\plugins\mcufinder/ => C:\Users\matis\.stmcufinder\plugins\mcufinder
2023-01-03 14:16:05,948 [INFO] DbExamplesSqlite:767 - Set database path to: C:\Users\matis\.stmcufinder\plugins\mcufinder//mcu/
2023-01-03 14:16:06,045 [INFO] MainPanel:214 - HeapMemory: 268435456
2023-01-03 14:16:06,189 [INFO] DbMcusXml:74 - Set database path to: D:\Workspace_DEEP\STM32CubeIDE_1.7.0\STM32CubeIDE\plugins\com.st.stm32cube.common.mx_6.3.0.202107141111\\db\/mcu/
2023-01-03 14:16:06,189 [INFO] DbBoardsPdsc:56 - Set plugin database path to: D:\Workspace_DEEP\STM32CubeIDE_1.7.0\STM32CubeIDE\plugins\com.st.stm32cube.common.mx_6.3.0.202107141111\\db\/plugins/boardmanager/
2023-01-03 14:16:06,189 [INFO] DbMcus:258 - Set plugin images path to: D:\Workspace_DEEP\STM32CubeIDE_1.7.0\STM32CubeIDE\plugins\com.st.stm32cube.common.mx_6.3.0.202107141111\\db\/plugins/mcufinder/images/
2023-01-03 14:16:06,189 [INFO] DbBoards:264 - Set plugin images path to: D:\Workspace_DEEP\STM32CubeIDE_1.7.0\STM32CubeIDE\plugins\com.st.stm32cube.common.mx_6.3.0.202107141111\\db\/plugins/mcufinder/images/
2023-01-03 14:16:06,189 [INFO] DbExamples:333 - Set plugin images path to: D:\Workspace_DEEP\STM32CubeIDE_1.7.0\STM32CubeIDE\plugins\com.st.stm32cube.common.mx_6.3.0.202107141111\\db\/plugins/mcufinder/images/
2023-01-03 14:16:06,189 [WARN] DbFile:35 - Overriding database path with different value: C:\Users\matis\.stmcufinder\plugins\mcufinder/ => C:\Users\matis\.stmcufinder\plugins\mcufinder
2023-01-03 14:16:06,189 [INFO] DbMcusAds:119 - Set database path to: C:\Users\matis\.stmcufinder\plugins\mcufinder//mcu/
2023-01-03 14:16:06,189 [WARN] DbFile:35 - Overriding database path with different value: C:\Users\matis\.stmcufinder\plugins\mcufinder/ => C:\Users\matis\.stmcufinder\plugins\mcufinder
2023-01-03 14:16:06,189 [INFO] DbMcusDocs:110 - Set database path to: C:\Users\matis\.stmcufinder\plugins\mcufinder//mcu/
2023-01-03 14:16:06,189 [WARN] DbFile:35 - Overriding database path with different value: C:\Users\matis\.stmcufinder\plugins\mcufinder/ => C:\Users\matis\.stmcufinder\plugins\mcufinder
2023-01-03 14:16:06,197 [INFO] DbMcusJson:64 - Set database path to: C:\Users\matis\.stmcufinder\plugins\mcufinder//mcu/
2023-01-03 14:16:06,197 [WARN] DbFile:35 - Overriding database path with different value: C:\Users\matis\.stmcufinder\plugins\mcufinder/ => C:\Users\matis\.stmcufinder\plugins\mcufinder
2023-01-03 14:16:06,197 [INFO] DbBoardsDocs:110 - Set database path to: C:\Users\matis\.stmcufinder\plugins\mcufinder//mcu/
2023-01-03 14:16:06,197 [WARN] DbFile:35 - Overriding database path with different value: C:\Users\matis\.stmcufinder\plugins\mcufinder/ => C:\Users\matis\.stmcufinder\plugins\mcufinder
2023-01-03 14:16:06,197 [INFO] DbBoardsJson:57 - Set database path to: C:\Users\matis\.stmcufinder\plugins\mcufinder//mcu/
2023-01-03 14:16:06,197 [WARN] DbFile:35 - Overriding database path with different value: C:\Users\matis\.stmcufinder\plugins\mcufinder/ => C:\Users\matis\.stmcufinder\plugins\mcufinder
2023-01-03 14:16:06,197 [WARN] DbFile:35 - Overriding database path with different value: C:\Users\matis\.stmcufinder\plugins\mcufinder/ => C:\Users\matis\.stmcufinder\plugins\mcufinder
2023-01-03 14:16:06,197 [INFO] CrossReferenceDbSqlite:196 - Set database path to: C:\Users\matis\.stmcufinder\plugins\mcufinder//mcu/cs/
2023-01-03 14:16:06,197 [WARN] DbFile:35 - Overriding database path with different value: C:\Users\matis\.stmcufinder\plugins\mcufinder/ => C:\Users\matis\.stmcufinder\plugins\mcufinder
2023-01-03 14:16:06,197 [INFO] DbExamplesSqlite:767 - Set database path to: C:\Users\matis\.stmcufinder\plugins\mcufinder//mcu/
2023-01-03 14:16:06,227 [INFO] ApplicationProperties:181 - Using Application install path: D:\Workspace_DEEP\STM32CubeIDE_1.7.0\STM32CubeIDE\plugins\com.st.stm32cube.common.mx_6.3.0.202107141111
2023-01-03 14:16:06,227 [INFO] PluginManage:188 - Search for loadable plugins [exclusion list=, ]
2023-01-03 14:16:06,227 [INFO] PluginManage:302 - Check plugin analytics
2023-01-03 14:16:06,387 [INFO] AnalyticsPlugin:257 - Accepted Software Licenses: 
2023-01-03 14:16:06,387 [INFO] AnalyticsPlugin:259 - Accepted CMSIS Pack Licenses: 
2023-01-03 14:16:06,387 [INFO] AnalyticsPlugin:261 - Accepted Firmware Licenses: 
2023-01-03 14:16:06,395 [INFO] PluginManage:352 - Loaded plugin analytics (category:tool,tabindex:-1)
2023-01-03 14:16:06,395 [INFO] PluginManage:302 - Check plugin clock
2023-01-03 14:16:06,408 [INFO] PluginManage:352 - Loaded plugin clock (category:base,tabindex:2)
2023-01-03 14:16:06,408 [INFO] PluginManage:302 - Check plugin ddr
2023-01-03 14:16:06,417 [INFO] PluginManage:352 - Loaded plugin ddr (category:tool,tabindex:6)
2023-01-03 14:16:06,419 [INFO] PluginManage:302 - Check plugin filemanager
2023-01-03 14:16:06,567 [INFO] PluginManage:352 - Loaded plugin filemanager (category:base,tabindex:10)
2023-01-03 14:16:06,567 [INFO] PluginManage:302 - Check plugin ipmanager
2023-01-03 14:16:06,582 [INFO] PluginManage:352 - Loaded plugin ipmanager (category:base,tabindex:5)
2023-01-03 14:16:06,582 [INFO] PluginManage:302 - Check plugin pinoutandconfiguration
2023-01-03 14:16:06,605 [INFO] PluginManage:352 - Loaded plugin pinoutandconfiguration (category:base,tabindex:1)
2023-01-03 14:16:06,605 [INFO] PluginManage:302 - Check plugin pinoutconfig
2023-01-03 14:16:06,649 [INFO] PluginManage:352 - Loaded plugin pinoutconfig (category:base,tabindex:0)
2023-01-03 14:16:06,649 [INFO] PluginManage:302 - Check plugin power
2023-01-03 14:16:06,677 [INFO] PluginManage:352 - Loaded plugin power (category:power,tabindex:4)
2023-01-03 14:16:06,677 [INFO] PluginManage:302 - Check plugin projectmanager
2023-01-03 14:16:06,695 [INFO] PluginManage:352 - Loaded plugin projectmanager (category:projectmanager,tabindex:3)
2023-01-03 14:16:06,695 [INFO] PluginManage:302 - Check plugin thirdparty
2023-01-03 14:16:06,987 [WARN] IntegrityCheckThread:78 - waiting for thirdparty lock release [integrity check]
2023-01-03 14:16:06,987 [INFO] IntegrityCheckThread:80 - entering critical section [integrity check]
2023-01-03 14:16:06,987 [INFO] PluginManage:352 - Loaded plugin thirdparty (category:base,tabindex:-1)
2023-01-03 14:16:06,987 [INFO] ThirdPartyUpdaterWithRetryManager:66 - Updater plugin not ready yet. [1/15]
2023-01-03 14:16:06,987 [INFO] PluginManage:302 - Check plugin tools
2023-01-03 14:16:07,038 [INFO] PluginManage:352 - Loaded plugin tools (category:base,tabindex:7)
2023-01-03 14:16:07,038 [INFO] PluginManage:302 - Check plugin tutovideos
2023-01-03 14:16:07,307 [INFO] PluginManage:352 - Loaded plugin tutovideos (category:base,tabindex:-1)
2023-01-03 14:16:07,307 [INFO] PluginManage:302 - Check plugin updater
2023-01-03 14:16:07,327 [INFO] PluginManage:352 - Loaded plugin updater (category:base,tabindex:12)
2023-01-03 14:16:07,327 [INFO] PluginManage:275 - PluginManage : Loaded plugins [13]
2023-01-03 14:16:07,528 [INFO] PinOutPanel:1463 - setPackage(No Configuration,No Configuration)
2023-01-03 14:16:07,640 [INFO] IPUIPlugin:74 - create IPUIPlugin
2023-01-03 14:16:07,640 [INFO] PluginManager:213 - loadIPPluginJar : add adc
2023-01-03 14:16:07,704 [INFO] IPUIPlugin:74 - create IPUIPlugin
2023-01-03 14:16:07,704 [INFO] PluginManager:213 - loadIPPluginJar : add aes
2023-01-03 14:16:07,744 [INFO] IPUIPlugin:74 - create IPUIPlugin
2023-01-03 14:16:07,744 [INFO] PluginManager:213 - loadIPPluginJar : add can
2023-01-03 14:16:07,768 [INFO] IPUIPlugin:74 - create IPUIPlugin
2023-01-03 14:16:07,768 [INFO] PluginManager:213 - loadIPPluginJar : add comp
2023-01-03 14:16:07,828 [INFO] IPUIPlugin:74 - create IPUIPlugin
2023-01-03 14:16:07,828 [INFO] PluginManager:213 - loadIPPluginJar : add cryp
2023-01-03 14:16:07,884 [INFO] IPUIPlugin:74 - create IPUIPlugin
2023-01-03 14:16:07,884 [INFO] PluginManager:213 - loadIPPluginJar : add dfsdm
2023-01-03 14:16:07,908 [INFO] IPUIPlugin:74 - create IPUIPlugin
2023-01-03 14:16:07,908 [INFO] PluginManager:213 - loadIPPluginJar : add dma
2023-01-03 14:16:07,965 [INFO] IPUIPlugin:74 - create IPUIPlugin
2023-01-03 14:16:07,965 [INFO] PluginManager:213 - loadIPPluginJar : add dma3
2023-01-03 14:16:07,989 [INFO] IPUIPlugin:74 - create IPUIPlugin
2023-01-03 14:16:07,989 [INFO] PluginManager:213 - loadIPPluginJar : add fatfs
2023-01-03 14:16:08,054 [INFO] IPUIPlugin:74 - create IPUIPlugin
2023-01-03 14:16:08,054 [INFO] PluginManager:213 - loadIPPluginJar : add fmc
2023-01-03 14:16:08,078 [INFO] IPUIPlugin:74 - create IPUIPlugin
2023-01-03 14:16:08,078 [INFO] PluginManager:213 - loadIPPluginJar : add freertos
2023-01-03 14:16:08,126 [INFO] IPUIPlugin:74 - create IPUIPlugin
2023-01-03 14:16:08,126 [INFO] PluginManager:213 - loadIPPluginJar : add genericplugin
2023-01-03 14:16:08,206 [INFO] IPUIPlugin:74 - create IPUIPlugin
2023-01-03 14:16:08,206 [INFO] PluginManager:213 - loadIPPluginJar : add gfxmmu
2023-01-03 14:16:08,329 [INFO] IPUIPlugin:74 - create IPUIPlugin
2023-01-03 14:16:08,329 [INFO] PluginManager:213 - loadIPPluginJar : add gic
2023-01-03 14:16:08,353 [INFO] IPUIPlugin:74 - create IPUIPlugin
2023-01-03 14:16:08,353 [INFO] PluginManager:213 - loadIPPluginJar : add gpio
2023-01-03 14:16:08,441 [INFO] IPUIPlugin:74 - create IPUIPlugin
2023-01-03 14:16:08,441 [INFO] PluginManager:213 - loadIPPluginJar : add gtzc
2023-01-03 14:16:08,481 [INFO] IPUIPlugin:74 - create IPUIPlugin
2023-01-03 14:16:08,481 [INFO] PluginManager:213 - loadIPPluginJar : add hash
2023-01-03 14:16:08,554 [INFO] IPUIPlugin:74 - create IPUIPlugin
2023-01-03 14:16:08,554 [INFO] PluginManager:213 - loadIPPluginJar : add i2c
2023-01-03 14:16:08,627 [INFO] IPUIPlugin:74 - create IPUIPlugin
2023-01-03 14:16:08,627 [INFO] PluginManager:213 - loadIPPluginJar : add i2s
2023-01-03 14:16:08,643 [INFO] IPUIPlugin:74 - create IPUIPlugin
2023-01-03 14:16:08,643 [INFO] PluginManager:213 - loadIPPluginJar : add ipddr
2023-01-03 14:16:08,747 [INFO] IPUIPlugin:74 - create IPUIPlugin
2023-01-03 14:16:08,747 [INFO] PluginManager:213 - loadIPPluginJar : add linkedlist
2023-01-03 14:16:08,808 [INFO] IPUIPlugin:74 - create IPUIPlugin
2023-01-03 14:16:08,808 [INFO] PluginManager:213 - loadIPPluginJar : add lorawan
2023-01-03 14:16:08,848 [INFO] IPUIPlugin:74 - create IPUIPlugin
2023-01-03 14:16:08,848 [INFO] PluginManager:213 - loadIPPluginJar : add ltdc
2023-01-03 14:16:08,856 [INFO] IPUIPlugin:74 - create IPUIPlugin
2023-01-03 14:16:08,856 [INFO] PluginManager:213 - loadIPPluginJar : add mdma
2023-01-03 14:16:08,872 [INFO] IPUIPlugin:74 - create IPUIPlugin
2023-01-03 14:16:08,872 [INFO] PluginManager:213 - loadIPPluginJar : add nvic
2023-01-03 14:16:08,920 [INFO] IPUIPlugin:74 - create IPUIPlugin
2023-01-03 14:16:08,920 [INFO] PluginManager:213 - loadIPPluginJar : add opamp
2023-01-03 14:16:08,988 [INFO] IPUIPlugin:74 - create IPUIPlugin
2023-01-03 14:16:08,988 [INFO] PluginManager:213 - loadIPPluginJar : add openamp
2023-01-03 14:16:09,028 [INFO] IPUIPlugin:74 - create IPUIPlugin
2023-01-03 14:16:09,028 [INFO] PluginManager:213 - loadIPPluginJar : add pdm2pcm
2023-01-03 14:16:09,044 [INFO] IPUIPlugin:74 - create IPUIPlugin
2023-01-03 14:16:09,044 [INFO] PluginManager:213 - loadIPPluginJar : add plateformsettings
2023-01-03 14:16:09,072 [INFO] IPUIPlugin:74 - create IPUIPlugin
2023-01-03 14:16:09,072 [INFO] PluginManager:213 - loadIPPluginJar : add quadspi
2023-01-03 14:16:09,088 [INFO] IPUIPlugin:74 - create IPUIPlugin
2023-01-03 14:16:09,088 [INFO] PluginManager:213 - loadIPPluginJar : add resmgrutility
2023-01-03 14:16:09,136 [INFO] IPUIPlugin:74 - create IPUIPlugin
2023-01-03 14:16:09,136 [INFO] PluginManager:213 - loadIPPluginJar : add sai
2023-01-03 14:16:09,168 [INFO] IPUIPlugin:74 - create IPUIPlugin
2023-01-03 14:16:09,168 [INFO] PluginManager:213 - loadIPPluginJar : add spi
2023-01-03 14:16:09,232 [INFO] IPUIPlugin:74 - create IPUIPlugin
2023-01-03 14:16:09,232 [INFO] PluginManager:213 - loadIPPluginJar : add stm32_wpan
2023-01-03 14:16:09,280 [INFO] IPUIPlugin:74 - create IPUIPlugin
2023-01-03 14:16:09,280 [INFO] PluginManager:213 - loadIPPluginJar : add tim
2023-01-03 14:16:09,345 [INFO] IPUIPlugin:74 - create IPUIPlugin
2023-01-03 14:16:09,345 [INFO] PluginManager:213 - loadIPPluginJar : add touchsensing
2023-01-03 14:16:09,384 [INFO] IPUIPlugin:74 - create IPUIPlugin
2023-01-03 14:16:09,384 [INFO] PluginManager:213 - loadIPPluginJar : add tracer_emb
2023-01-03 14:16:09,425 [INFO] IPUIPlugin:74 - create IPUIPlugin
2023-01-03 14:16:09,425 [INFO] PluginManager:213 - loadIPPluginJar : add ts
2023-01-03 14:16:09,473 [INFO] IPUIPlugin:74 - create IPUIPlugin
2023-01-03 14:16:09,473 [INFO] PluginManager:213 - loadIPPluginJar : add tsc
2023-01-03 14:16:09,521 [INFO] IPUIPlugin:74 - create IPUIPlugin
2023-01-03 14:16:09,521 [INFO] PluginManager:213 - loadIPPluginJar : add ucpd
2023-01-03 14:16:09,586 [INFO] IPUIPlugin:74 - create IPUIPlugin
2023-01-03 14:16:09,586 [INFO] PluginManager:213 - loadIPPluginJar : add usart
2023-01-03 14:16:09,621 [INFO] IPUIPlugin:74 - create IPUIPlugin
2023-01-03 14:16:09,621 [INFO] PluginManager:213 - loadIPPluginJar : add usbx
2023-01-03 14:16:09,999 [INFO] ThirdPartyUpdaterWithRetryManager:66 - Updater plugin not ready yet. [2/15]
2023-01-03 14:16:10,084 [FATAL] Updater:294 - Updater called before beeing initialized
2023-01-03 14:16:10,225 [FATAL] Updater:294 - Updater called before beeing initialized
2023-01-03 14:16:10,241 [INFO] DbMcusAds:47 - JSON generation date=Thu Sep 30 08:55:09 CEST 2021 (1632984909265)
2023-01-03 14:16:10,241 [FATAL] Updater:294 - Updater called before beeing initialized
2023-01-03 14:16:10,318 [WARN] DetailPanel:314 - Failed to get advertising image, set to default
2023-01-03 14:16:10,412 [FATAL] Updater:294 - Updater called before beeing initialized
2023-01-03 14:16:10,420 [FATAL] Updater:294 - Updater called before beeing initialized
2023-01-03 14:16:10,420 [FATAL] Updater:294 - Updater called before beeing initialized
2023-01-03 14:16:10,420 [WARN] DetailPanel:314 - Failed to get advertising image, set to default
2023-01-03 14:16:10,420 [FATAL] Updater:294 - Updater called before beeing initialized
2023-01-03 14:16:10,475 [ERROR] Updater:1075 - MainUpdater not yet initialized. External WinMGr cannot be set.
2023-01-03 14:16:10,483 [INFO] Updater:1012 - Updater Version found : 6.3.0
2023-01-03 14:16:10,507 [INFO] ApplicationProperties:181 - Using Application install path: D:\Workspace_DEEP\STM32CubeIDE_1.7.0\STM32CubeIDE\plugins\com.st.stm32cube.common.mx_6.3.0.202107141111
2023-01-03 14:16:10,568 [INFO] MainUpdater:489 - Copy updater definitions from MX database
2023-01-03 14:16:10,784 [INFO] MainUpdater:2671 - connection check result : 10
2023-01-03 14:16:10,785 [INFO] MainUpdater:3359 - Updater definition file requires update
2023-01-03 14:16:10,785 [INFO] MainUpdater:265 - Updater Check For Update Now.
2023-01-03 14:16:10,785 [INFO] MicroXplorer:478 - Change Database Version : DB.6.0.30
2023-01-03 14:16:10,929 [INFO] ServerAccessManage:362 - Download File updaters.zip
2023-01-03 14:16:11,309 [INFO] FileExtend:235 - Unzip File : updaters.zip
2023-01-03 14:16:11,317 [INFO] FileExtend:250 - Standard Zip Deflate
2023-01-03 14:16:11,936 [INFO] ServerAccessManage:362 - Download File PacksControlFlags.xml
2023-01-03 14:16:12,172 [INFO] ServerAccessManage:362 - Download File cubemx.pidx
2023-01-03 14:16:12,544 [INFO] ServerAccessManage:362 - Download File STMicroelectronics.FP-ATR-SIGFOX1.pdsc
2023-01-03 14:16:12,677 [INFO] ServerAccessManage:362 - Download File STMicroelectronics.X-CUBE-AI.pdsc
2023-01-03 14:16:13,002 [WARN] MainUpdater:1122 - Updater busy. Cannot search thirdparties
2023-01-03 14:16:13,002 [INFO] ThirdPartyUpdaterWithRetryManager:92 - Updater plugin is busy. [1/15]
2023-01-03 14:16:13,360 [INFO] ServerAccessManage:362 - Download File STMicroelectronics.X-CUBE-BLE1.pdsc
2023-01-03 14:16:13,810 [ERROR] ServerAccessManage:974 - Problem, file not found on Server
2023-01-03 14:16:13,962 [INFO] ServerAccessManage:362 - Download File STMicroelectronics.X-CUBE-BLEMGR.pdsc
2023-01-03 14:16:14,349 [INFO] ServerAccessManage:362 - Download File STMicroelectronics.X-CUBE-EEPRMA1.pdsc
2023-01-03 14:16:14,490 [ERROR] ServerAccessManage:974 - Problem, file not found on Server
2023-01-03 14:16:14,680 [INFO] ServerAccessManage:362 - Download File STMicroelectronics.X-CUBE-ISPU.pdsc
2023-01-03 14:16:14,929 [INFO] ServerAccessManage:362 - Download File STMicroelectronics.X-CUBE-MEMS1.pdsc
2023-01-03 14:16:16,010 [WARN] MainUpdater:1122 - Updater busy. Cannot search thirdparties
2023-01-03 14:16:16,011 [INFO] ThirdPartyUpdaterWithRetryManager:92 - Updater plugin is busy. [2/15]
2023-01-03 14:16:16,051 [INFO] ServerAccessManage:362 - Download File STMicroelectronics.X-CUBE-NFC4.pdsc
2023-01-03 14:16:16,710 [INFO] ServerAccessManage:362 - Download File STMicroelectronics.X-CUBE-TOF1.pdsc
2023-01-03 14:16:17,141 [ERROR] ServerAccessManage:974 - Problem, file not found on Server
2023-01-03 14:16:17,249 [INFO] ServerAccessManage:362 - Download File STMicroelectronics.X-CUBE-TOUCHGFX.pdsc
2023-01-03 14:16:17,790 [INFO] ServerAccessManage:362 - Download File STMicroelectronics.X-CUBE-AZRTOS-H7.pdsc
2023-01-03 14:16:18,971 [INFO] ServerAccessManage:362 - Download File STMicroelectronics.X-CUBE-AZRTOS-L5.pdsc
2023-01-03 14:16:19,017 [WARN] MainUpdater:1122 - Updater busy. Cannot search thirdparties
2023-01-03 14:16:19,017 [INFO] ThirdPartyUpdaterWithRetryManager:92 - Updater plugin is busy. [3/15]
2023-01-03 14:16:19,830 [INFO] ServerAccessManage:362 - Download File STMicroelectronics.X-CUBE-AZRTOS-WB.pdsc
2023-01-03 14:16:20,890 [WARN] PackLoader:238 - Cannot read IP mode file for STMicroelectronics.FP-ATR-SIGFOX1.3.2.0
2023-01-03 14:16:20,899 [WARN] PackLoader:238 - Cannot read IP mode file for STMicroelectronics.X-CUBE-AI.7.3.0
2023-01-03 14:16:20,923 [WARN] PackLoader:238 - Cannot read IP mode file for STMicroelectronics.X-CUBE-BLE1.6.2.4
2023-01-03 14:16:20,960 [WARN] PackLoader:238 - Cannot read IP mode file for STMicroelectronics.X-CUBE-BLEMGR.1.3.0
2023-01-03 14:16:20,991 [WARN] PackLoader:238 - Cannot read IP mode file for STMicroelectronics.X-CUBE-EEPRMA1.4.1.0
2023-01-03 14:16:20,994 [INFO] CheckServerUpdateThread:112 - End of CheckServer Thread
2023-01-03 14:16:21,005 [WARN] PackLoader:238 - Cannot read IP mode file for STMicroelectronics.X-CUBE-ISPU.1.1.0
2023-01-03 14:16:21,050 [INFO] MainUpdater:2671 - connection check result : 10
2023-01-03 14:16:21,121 [INFO] McuFinderGlobals:52 - Set McuFinderConnectedMode to true
2023-01-03 14:16:21,232 [WARN] PackLoader:238 - Cannot read IP mode file for STMicroelectronics.X-CUBE-MEMS1.9.4.0
2023-01-03 14:16:21,421 [INFO] ServerAccessManage:362 - Download File mcusAds.json._tmp_
2023-01-03 14:16:21,540 [INFO] LoadUrlFilesThread:145 - End of LoadUrlFiles Thread
2023-01-03 14:16:21,544 [WARN] PackLoader:238 - Cannot read IP mode file for STMicroelectronics.X-CUBE-NFC4.2.0.5
2023-01-03 14:16:21,581 [WARN] PackLoader:238 - Cannot read IP mode file for STMicroelectronics.X-CUBE-TOF1.3.2.0
2023-01-03 14:16:21,602 [WARN] PackLoader:238 - Cannot read IP mode file for STMicroelectronics.X-CUBE-TOUCHGFX.4.21.0
2023-01-03 14:16:21,641 [WARN] PackLoader:238 - Cannot read IP mode file for STMicroelectronics.X-CUBE-AZRTOS-H7.3.0.0
2023-01-03 14:16:21,672 [WARN] PackLoader:238 - Cannot read IP mode file for STMicroelectronics.X-CUBE-AZRTOS-L5.1.1.0
2023-01-03 14:16:21,693 [WARN] PackLoader:238 - Cannot read IP mode file for STMicroelectronics.X-CUBE-AZRTOS-WB.1.1.0
2023-01-03 14:16:21,693 [INFO] PopulateThirdPartyThread:60 - Ending populate Thread
2023-01-03 14:16:21,693 [INFO] ThirdParty:967 - CMSIS Pack Vendor :STMicroelectronics X-CUBE-ISPU 1.1.0
2023-01-03 14:16:21,700 [INFO] ThirdParty:967 - CMSIS Pack Vendor :STMicroelectronics X-CUBE-BLEMGR 1.3.0
2023-01-03 14:16:21,700 [INFO] ThirdParty:967 - CMSIS Pack Vendor :STMicroelectronics X-CUBE-AZRTOS-WB 1.1.0
2023-01-03 14:16:21,700 [INFO] ThirdParty:967 - CMSIS Pack Vendor :STMicroelectronics X-CUBE-BLE1 6.2.4
2023-01-03 14:16:21,701 [INFO] ThirdParty:967 - CMSIS Pack Vendor :STMicroelectronics X-CUBE-AZRTOS-L5 1.1.0
2023-01-03 14:16:21,702 [INFO] ThirdParty:967 - CMSIS Pack Vendor :STMicroelectronics FP-ATR-SIGFOX1 3.2.0
2023-01-03 14:16:21,702 [INFO] ThirdParty:967 - CMSIS Pack Vendor :STMicroelectronics X-CUBE-TOUCHGFX 4.21.0
2023-01-03 14:16:21,702 [INFO] ThirdParty:967 - CMSIS Pack Vendor :STMicroelectronics X-CUBE-NFC4 2.0.5
2023-01-03 14:16:21,702 [INFO] ThirdParty:967 - CMSIS Pack Vendor :STMicroelectronics X-CUBE-MEMS1 9.4.0
2023-01-03 14:16:21,702 [INFO] ThirdParty:967 - CMSIS Pack Vendor :STMicroelectronics X-CUBE-TOF1 3.2.0
2023-01-03 14:16:21,702 [INFO] ThirdParty:967 - CMSIS Pack Vendor :STMicroelectronics X-CUBE-EEPRMA1 4.1.0
2023-01-03 14:16:21,702 [INFO] ThirdParty:967 - CMSIS Pack Vendor :STMicroelectronics X-CUBE-AI 7.3.0
2023-01-03 14:16:21,702 [INFO] ThirdParty:967 - CMSIS Pack Vendor :STMicroelectronics X-CUBE-AZRTOS-H7 3.0.0
2023-01-03 14:16:21,703 [INFO] LoadServerUpdatesThread:339 - End of LoadServerUpdate Thread
2023-01-03 14:16:21,779 [INFO] ServerAccessManage:362 - Download File mcusDocs.json._tmp_
2023-01-03 14:16:22,020 [WARN] MainUpdater:1122 - Updater busy. Cannot search thirdparties
2023-01-03 14:16:22,020 [INFO] ThirdPartyUpdaterWithRetryManager:92 - Updater plugin is busy. [4/15]
2023-01-03 14:16:22,208 [INFO] LoadUrlFilesThread:145 - End of LoadUrlFiles Thread
2023-01-03 14:16:22,361 [INFO] ServerAccessManage:362 - Download File mcusFeaturesAndDescription.json._tmp_
2023-01-03 14:16:25,023 [WARN] MainUpdater:1122 - Updater busy. Cannot search thirdparties
2023-01-03 14:16:25,023 [INFO] ThirdPartyUpdaterWithRetryManager:92 - Updater plugin is busy. [5/15]
2023-01-03 14:16:28,024 [WARN] MainUpdater:1122 - Updater busy. Cannot search thirdparties
2023-01-03 14:16:28,024 [INFO] ThirdPartyUpdaterWithRetryManager:92 - Updater plugin is busy. [6/15]
2023-01-03 14:16:31,025 [WARN] MainUpdater:1122 - Updater busy. Cannot search thirdparties
2023-01-03 14:16:31,025 [INFO] ThirdPartyUpdaterWithRetryManager:92 - Updater plugin is busy. [7/15]
2023-01-03 14:16:33,239 [INFO] LoadUrlFilesThread:145 - End of LoadUrlFiles Thread
2023-01-03 14:16:33,414 [INFO] ServerAccessManage:362 - Download File boardsDocs.json._tmp_
2023-01-03 14:16:33,632 [INFO] LoadUrlFilesThread:145 - End of LoadUrlFiles Thread
2023-01-03 14:16:33,787 [INFO] ServerAccessManage:362 - Download File boards.json._tmp_
2023-01-03 14:16:34,028 [WARN] MainUpdater:1122 - Updater busy. Cannot search thirdparties
2023-01-03 14:16:34,028 [INFO] ThirdPartyUpdaterWithRetryManager:92 - Updater plugin is busy. [8/15]
2023-01-03 14:16:34,526 [INFO] LoadUrlFilesThread:145 - End of LoadUrlFiles Thread
2023-01-03 14:16:34,669 [INFO] ServerAccessManage:362 - Download File cube-finder-db.zip
2023-01-03 14:16:37,036 [WARN] MainUpdater:1122 - Updater busy. Cannot search thirdparties
2023-01-03 14:16:37,036 [INFO] ThirdPartyUpdaterWithRetryManager:92 - Updater plugin is busy. [9/15]
2023-01-03 14:16:40,039 [WARN] MainUpdater:1122 - Updater busy. Cannot search thirdparties
2023-01-03 14:16:40,039 [INFO] ThirdPartyUpdaterWithRetryManager:92 - Updater plugin is busy. [10/15]
2023-01-03 14:16:43,047 [WARN] MainUpdater:1122 - Updater busy. Cannot search thirdparties
2023-01-03 14:16:43,047 [INFO] ThirdPartyUpdaterWithRetryManager:92 - Updater plugin is busy. [11/15]
2023-01-03 14:16:46,054 [WARN] MainUpdater:1122 - Updater busy. Cannot search thirdparties
2023-01-03 14:16:46,054 [INFO] ThirdPartyUpdaterWithRetryManager:92 - Updater plugin is busy. [12/15]
2023-01-03 14:16:49,064 [WARN] MainUpdater:1122 - Updater busy. Cannot search thirdparties
2023-01-03 14:16:49,064 [INFO] ThirdPartyUpdaterWithRetryManager:92 - Updater plugin is busy. [13/15]
2023-01-03 14:16:52,077 [WARN] MainUpdater:1122 - Updater busy. Cannot search thirdparties
2023-01-03 14:16:52,077 [INFO] ThirdPartyUpdaterWithRetryManager:92 - Updater plugin is busy. [14/15]
2023-01-03 14:16:55,090 [WARN] MainUpdater:1122 - Updater busy. Cannot search thirdparties
2023-01-03 14:16:55,090 [INFO] ThirdPartyUpdaterWithRetryManager:92 - Updater plugin is busy. [15/15]
2023-01-03 14:16:55,090 [ERROR] IntegrityCheckThread:124 - Cannot retrieve database content from updater: error -1
2023-01-03 14:16:55,090 [INFO] ThirdParty:915 - Integrity check success = false
2023-01-03 14:16:55,090 [INFO] IntegrityCheckThread:94 - exiting critical section [integrity check]
2023-01-03 14:16:55,090 [INFO] IntegrityCheckThread:97 - End integrity checks thread
2023-01-03 14:16:58,265 [INFO] FileExtend:235 - Unzip File : cube-finder-db.zip
2023-01-03 14:16:58,266 [INFO] FileExtend:250 - Standard Zip Deflate
2023-01-03 14:16:59,083 [INFO] LoadUrlFilesThread:145 - End of LoadUrlFiles Thread
2023-01-03 14:16:59,306 [INFO] ServerAccessManage:362 - Download File crdb.zip
2023-01-03 14:16:59,710 [INFO] FileExtend:235 - Unzip File : crdb.zip
2023-01-03 14:16:59,711 [INFO] FileExtend:250 - Standard Zip Deflate
2023-01-03 14:16:59,864 [INFO] LoadUrlFilesThread:145 - End of LoadUrlFiles Thread
2023-01-03 14:17:00,306 [INFO] ServerAccessManage:362 - Download File tutoVideoDB.zip
2023-01-03 14:17:00,390 [INFO] FileExtend:235 - Unzip File : tutoVideoDB.zip
2023-01-03 14:17:00,390 [INFO] FileExtend:250 - Standard Zip Deflate
2023-01-03 14:17:00,524 [INFO] LoadUrlFilesThread:145 - End of LoadUrlFiles Thread
2023-01-03 14:17:00,534 [INFO] DbMcusAds:47 - JSON generation date=Thu Sep 30 08:55:09 CEST 2021 (1632984909377)
2023-01-03 14:17:00,562 [INFO] DbMcusDocs:143 - JSON generation date=Tue Nov 16 17:17:54 CET 2021 (1637079474)
2023-01-03 14:17:00,562 [INFO] DbMcusXml:100 - Load MCU database from D:\Workspace_DEEP\STM32CubeIDE_1.7.0\STM32CubeIDE\plugins\com.st.stm32cube.common.mx_6.3.0.202107141111\\db\/mcu/families.xml
2023-01-03 14:17:01,422 [INFO] DbMcusJson:93 - JSON generation date=Tue Nov 16 17:17:54 CET 2021 (1637079474)
2023-01-03 14:17:02,272 [INFO] DbMcus:175 - Found 1951 MCUs (1903 are supported by CubeMX, 1914 are visible in CubeMX)
2023-01-03 14:17:02,280 [INFO] ApiDb:251 - Load user favorites file C:\Users\matis/.stm32cubeide/favorites.mcus.txt: 0 item(s)
2023-01-03 14:17:02,280 [INFO] ApiDb:255 - User favorites MCUs=[]
2023-01-03 14:17:02,280 [INFO] DbMcus:187 - Set 0 / 0 favorites MCUs
2023-01-03 14:17:02,716 [INFO] DbMcusDocs:79 - Found 682 MCUs documents
2023-01-03 14:17:02,716 [INFO] ApiDb:276 - Save user favorites file C:\Users\matis/.stm32cubeide/favorites.mcus.txt: 0 item(s)
2023-01-03 14:17:02,716 [INFO] ApiDb:280 - User favorites MCUs=[]
2023-01-03 14:17:02,716 [INFO] DbMcusXml:100 - Load MCU database from D:\Workspace_DEEP\STM32CubeIDE_1.7.0\STM32CubeIDE\plugins\com.st.stm32cube.common.mx_6.3.0.202107141111\\db\/mcu/families.xml
2023-01-03 14:17:03,555 [INFO] DbMcusJson:93 - JSON generation date=Tue Nov 16 17:17:54 CET 2021 (1637079474)
2023-01-03 14:17:04,133 [INFO] DbMcus:175 - Found 1951 MCUs (1903 are supported by CubeMX, 1914 are visible in CubeMX)
2023-01-03 14:17:04,133 [INFO] ApiDb:251 - Load user favorites file C:\Users\matis/.stm32cubeide/favorites.mcus.txt: 0 item(s)
2023-01-03 14:17:04,133 [INFO] ApiDb:255 - User favorites MCUs=[]
2023-01-03 14:17:04,133 [INFO] DbMcus:187 - Set 0 / 0 favorites MCUs
2023-01-03 14:17:04,141 [INFO] DbBoardsDocs:143 - JSON generation date=Tue Nov 16 17:17:54 CET 2021 (1637079474)
2023-01-03 14:17:04,255 [INFO] DbBoardsPdsc:90 - Found 25 items
2023-01-03 14:17:04,263 [INFO] DbBoardsPdsc:90 - Found 9 items
2023-01-03 14:17:04,279 [INFO] DbBoardsPdsc:90 - Found 33 items
2023-01-03 14:17:04,287 [INFO] DbBoardsPdsc:90 - Found 1 items
2023-01-03 14:17:04,305 [INFO] DbBoardsPdsc:90 - Found 48 items
2023-01-03 14:17:04,349 [INFO] DbBoardsPdsc:90 - Found 43 items
2023-01-03 14:17:04,358 [INFO] DbBoardsPdsc:90 - Found 2 items
2023-01-03 14:17:04,366 [INFO] DbBoardsPdsc:90 - Found 5 items
2023-01-03 14:17:04,374 [WARN] DbBoardsPdsc:254 - Board STM32H7B3I-DK: unknown feature type=Audio, name=, username=Audio stereo codec with Headphone Amp (CS42L51-CNZ), n=1
2023-01-03 14:17:04,374 [WARN] DbBoardsPdsc:254 - Board STM32H735G-DK: unknown feature type=Audio, name=, username=Audio stereo codec with Headphone Amp (WM8994ECS/R), n=1
2023-01-03 14:17:04,374 [WARN] DbBoardsPdsc:254 - Board STM32H7B3I-EVAL: unknown feature type=Audio, name=, username=Multi-Channel Audio Codec (CS42L51-CNZ), n=1
2023-01-03 14:17:04,374 [WARN] DbBoardsPdsc:254 - Board STM32H7B3I-EVAL: unknown feature type=Meter, name=, username=Power-metering and Temperature-monitoring with sigma-delta modulators, n=1
2023-01-03 14:17:04,374 [WARN] DbBoardsPdsc:254 - Board STM32H7B3I-EVAL: unknown feature type=Motor, name=, username=Motor Control, n=1
2023-01-03 14:17:04,374 [WARN] DbBoardsPdsc:254 - Board STM32U575I-EV: unknown feature type=joystick, name=, username=4-direction joystick with selection button, n=1
2023-01-03 14:17:04,390 [INFO] DbBoardsJson:86 - JSON generation date=Tue Nov 16 17:17:54 CET 2021 (1637079474)
2023-01-03 14:17:04,399 [INFO] DbBoards:117 - Found 167 boards (163 are supported by CubeMX)
2023-01-03 14:17:04,399 [INFO] DbBoardsDocs:143 - JSON generation date=Tue Nov 16 17:17:54 CET 2021 (1637079474)
2023-01-03 14:17:04,399 [INFO] DbBoardsDocs:79 - Found 209 boards documents
2023-01-03 14:17:04,399 [WARN] DbBoards:127 - board B-L475E-IOT01A2 has no document id list !
2023-01-03 14:17:04,407 [WARN] DbBoards:127 - board NUCLEO-H743ZI has no document id list !
2023-01-03 14:17:04,407 [WARN] DbBoards:127 - board NUCLEO-WL55JC2 has no document id list !
2023-01-03 14:17:04,407 [WARN] DbBoards:127 - board P-NUCLEO-WB55-Nucleo has no document id list !
2023-01-03 14:17:04,407 [WARN] DbBoards:127 - board P-NUCLEO-WB55-USBDongle has no document id list !
2023-01-03 14:17:04,407 [WARN] DbBoards:127 - board STEVAL-BFA001V1B has no document id list !
2023-01-03 14:17:04,407 [WARN] DbBoards:127 - board STEVAL-BFA001V2B has no document id list !
2023-01-03 14:17:04,407 [WARN] DbBoards:127 - board STEVAL-IDP005V1 has no document id list !
2023-01-03 14:17:04,407 [WARN] DbBoards:127 - board STEVAL-IDP005V2 has no document id list !
2023-01-03 14:17:04,407 [WARN] DbBoards:127 - board STEVAL-MKSBOX1V1 has no document id list !
2023-01-03 14:17:04,407 [WARN] DbBoards:127 - board STEVAL-STWINKT1 has no document id list !
2023-01-03 14:17:04,407 [WARN] DbBoards:127 - board STEVAL-STWINKT1B has no document id list !
2023-01-03 14:17:04,407 [WARN] DbBoards:127 - board STM32439I-EVAL2 has no document id list !
2023-01-03 14:17:04,407 [WARN] DbBoards:127 - board STM32F401C-DISCO has no document id list !
2023-01-03 14:17:04,407 [WARN] DbBoards:127 - board STM32F769I-DISC1 has no document id list !
2023-01-03 14:17:04,407 [WARN] DbBoards:127 - board STM32G474E-EVAL1 has no document id list !
2023-01-03 14:17:04,407 [WARN] DbBoards:127 - board STM32H743I-EVAL2 has no document id list !
2023-01-03 14:17:04,407 [WARN] DbBoards:127 - board STM32H747I-DISC1 has no document id list !
2023-01-03 14:17:04,407 [WARN] DbBoards:127 - board STM32H753I-EVAL2 has no document id list !
2023-01-03 14:17:04,407 [WARN] DbBoards:127 - board STM32L-DISCOVERY has no document id list !
2023-01-03 14:17:04,678 [ERROR] DbBoards:189 - Image file not found for board B-U585I-IOT02A: D:\Workspace_DEEP\STM32CubeIDE_1.7.0\STM32CubeIDE\plugins\com.st.stm32cube.common.mx_6.3.0.202107141111\\db\/plugins/mcufinder/images/boards/B-U585I-IOT02A_small.jpg
2023-01-03 14:17:04,880 [ERROR] DbBoards:189 - Image file not found for board NUCLEO-F413ZH: D:\Workspace_DEEP\STM32CubeIDE_1.7.0\STM32CubeIDE\plugins\com.st.stm32cube.common.mx_6.3.0.202107141111\\db\/plugins/mcufinder/images/boards/nucleo-f413zh_small.jpg
2023-01-03 14:17:05,143 [ERROR] DbBoards:189 - Image file not found for board NUCLEO-L552ZE-Q: D:\Workspace_DEEP\STM32CubeIDE_1.7.0\STM32CubeIDE\plugins\com.st.stm32cube.common.mx_6.3.0.202107141111\\db\/plugins/mcufinder/images/boards/nucleo_l552ze_q_small.jpg
2023-01-03 14:17:05,143 [ERROR] DbBoards:189 - Image file not found for board NUCLEO-U575ZI-Q: D:\Workspace_DEEP\STM32CubeIDE_1.7.0\STM32CubeIDE\plugins\com.st.stm32cube.common.mx_6.3.0.202107141111\\db\/plugins/mcufinder/images/boards/nucleo-u575zi-q_small.jpg
2023-01-03 14:17:05,143 [ERROR] DbBoards:189 - Image file not found for board NUCLEO-WB15CC: D:\Workspace_DEEP\STM32CubeIDE_1.7.0\STM32CubeIDE\plugins\com.st.stm32cube.common.mx_6.3.0.202107141111\\db\/plugins/mcufinder/images/boards/nucleo-wb15cc_small.jpg
2023-01-03 14:17:05,143 [ERROR] DbBoards:189 - Image file not found for board NUCLEO-WB55RG: D:\Workspace_DEEP\STM32CubeIDE_1.7.0\STM32CubeIDE\plugins\com.st.stm32cube.common.mx_6.3.0.202107141111\\db\/plugins/mcufinder/images/boards/nucleo-wb55rg_small.jpg
2023-01-03 14:17:07,098 [INFO] ApiDb:242 - User favorites file not found: C:\Users\matis/.stm32cubeide/favorites.boards.txt
2023-01-03 14:17:07,098 [INFO] DbBoards:206 - Set 0 / 0 favorites Boards
2023-01-03 14:17:07,098 [INFO] DbBoardsDocs:79 - Found 418 boards documents
2023-01-03 14:17:07,098 [INFO] ApiDb:276 - Save user favorites file C:\Users\matis/.stm32cubeide/favorites.boards.txt: 0 item(s)
2023-01-03 14:17:07,105 [INFO] ApiDb:280 - User favorites Boards=[]
2023-01-03 14:17:07,105 [INFO] DbBoardsPdsc:90 - Found 25 items
2023-01-03 14:17:07,105 [INFO] DbBoardsPdsc:90 - Found 9 items
2023-01-03 14:17:07,105 [INFO] DbBoardsPdsc:90 - Found 33 items
2023-01-03 14:17:07,105 [INFO] DbBoardsPdsc:90 - Found 1 items
2023-01-03 14:17:07,113 [INFO] DbBoardsPdsc:90 - Found 48 items
2023-01-03 14:17:07,121 [INFO] DbBoardsPdsc:90 - Found 43 items
2023-01-03 14:17:07,121 [INFO] DbBoardsPdsc:90 - Found 2 items
2023-01-03 14:17:07,121 [INFO] DbBoardsPdsc:90 - Found 5 items
2023-01-03 14:17:07,121 [WARN] DbBoardsPdsc:254 - Board STM32H7B3I-DK: unknown feature type=Audio, name=, username=Audio stereo codec with Headphone Amp (CS42L51-CNZ), n=1
2023-01-03 14:17:07,121 [WARN] DbBoardsPdsc:254 - Board STM32H735G-DK: unknown feature type=Audio, name=, username=Audio stereo codec with Headphone Amp (WM8994ECS/R), n=1
2023-01-03 14:17:07,121 [WARN] DbBoardsPdsc:254 - Board STM32H7B3I-EVAL: unknown feature type=Audio, name=, username=Multi-Channel Audio Codec (CS42L51-CNZ), n=1
2023-01-03 14:17:07,121 [WARN] DbBoardsPdsc:254 - Board STM32H7B3I-EVAL: unknown feature type=Meter, name=, username=Power-metering and Temperature-monitoring with sigma-delta modulators, n=1
2023-01-03 14:17:07,121 [WARN] DbBoardsPdsc:254 - Board STM32H7B3I-EVAL: unknown feature type=Motor, name=, username=Motor Control, n=1
2023-01-03 14:17:07,121 [WARN] DbBoardsPdsc:254 - Board STM32U575I-EV: unknown feature type=joystick, name=, username=4-direction joystick with selection button, n=1
2023-01-03 14:17:07,144 [INFO] DbBoardsJson:86 - JSON generation date=Tue Nov 16 17:17:54 CET 2021 (1637079474)
2023-01-03 14:17:07,150 [INFO] DbBoards:117 - Found 167 boards (163 are supported by CubeMX)
2023-01-03 14:17:07,151 [WARN] DbBoards:127 - board B-L475E-IOT01A2 has no document id list !
2023-01-03 14:17:07,152 [WARN] DbBoards:127 - board NUCLEO-H743ZI has no document id list !
2023-01-03 14:17:07,152 [WARN] DbBoards:127 - board NUCLEO-WL55JC2 has no document id list !
2023-01-03 14:17:07,152 [WARN] DbBoards:127 - board P-NUCLEO-WB55-Nucleo has no document id list !
2023-01-03 14:17:07,152 [WARN] DbBoards:127 - board P-NUCLEO-WB55-USBDongle has no document id list !
2023-01-03 14:17:07,152 [WARN] DbBoards:127 - board STEVAL-BFA001V1B has no document id list !
2023-01-03 14:17:07,152 [WARN] DbBoards:127 - board STEVAL-BFA001V2B has no document id list !
2023-01-03 14:17:07,152 [WARN] DbBoards:127 - board STEVAL-IDP005V1 has no document id list !
2023-01-03 14:17:07,152 [WARN] DbBoards:127 - board STEVAL-IDP005V2 has no document id list !
2023-01-03 14:17:07,152 [WARN] DbBoards:127 - board STEVAL-MKSBOX1V1 has no document id list !
2023-01-03 14:17:07,152 [WARN] DbBoards:127 - board STEVAL-STWINKT1 has no document id list !
2023-01-03 14:17:07,152 [WARN] DbBoards:127 - board STEVAL-STWINKT1B has no document id list !
2023-01-03 14:17:07,152 [WARN] DbBoards:127 - board STM32439I-EVAL2 has no document id list !
2023-01-03 14:17:07,152 [WARN] DbBoards:127 - board STM32F401C-DISCO has no document id list !
2023-01-03 14:17:07,152 [WARN] DbBoards:127 - board STM32F769I-DISC1 has no document id list !
2023-01-03 14:17:07,152 [WARN] DbBoards:127 - board STM32G474E-EVAL1 has no document id list !
2023-01-03 14:17:07,152 [WARN] DbBoards:127 - board STM32H743I-EVAL2 has no document id list !
2023-01-03 14:17:07,152 [WARN] DbBoards:127 - board STM32H747I-DISC1 has no document id list !
2023-01-03 14:17:07,152 [WARN] DbBoards:127 - board STM32H753I-EVAL2 has no document id list !
2023-01-03 14:17:07,152 [WARN] DbBoards:127 - board STM32L-DISCOVERY has no document id list !
2023-01-03 14:17:07,252 [ERROR] DbBoards:189 - Image file not found for board B-U585I-IOT02A: D:\Workspace_DEEP\STM32CubeIDE_1.7.0\STM32CubeIDE\plugins\com.st.stm32cube.common.mx_6.3.0.202107141111\\db\/plugins/mcufinder/images/boards/B-U585I-IOT02A_small.jpg
2023-01-03 14:17:07,427 [ERROR] DbBoards:189 - Image file not found for board NUCLEO-F413ZH: D:\Workspace_DEEP\STM32CubeIDE_1.7.0\STM32CubeIDE\plugins\com.st.stm32cube.common.mx_6.3.0.202107141111\\db\/plugins/mcufinder/images/boards/nucleo-f413zh_small.jpg
2023-01-03 14:17:07,620 [ERROR] DbBoards:189 - Image file not found for board NUCLEO-L552ZE-Q: D:\Workspace_DEEP\STM32CubeIDE_1.7.0\STM32CubeIDE\plugins\com.st.stm32cube.common.mx_6.3.0.202107141111\\db\/plugins/mcufinder/images/boards/nucleo_l552ze_q_small.jpg
2023-01-03 14:17:07,620 [ERROR] DbBoards:189 - Image file not found for board NUCLEO-U575ZI-Q: D:\Workspace_DEEP\STM32CubeIDE_1.7.0\STM32CubeIDE\plugins\com.st.stm32cube.common.mx_6.3.0.202107141111\\db\/plugins/mcufinder/images/boards/nucleo-u575zi-q_small.jpg
2023-01-03 14:17:07,620 [ERROR] DbBoards:189 - Image file not found for board NUCLEO-WB15CC: D:\Workspace_DEEP\STM32CubeIDE_1.7.0\STM32CubeIDE\plugins\com.st.stm32cube.common.mx_6.3.0.202107141111\\db\/plugins/mcufinder/images/boards/nucleo-wb15cc_small.jpg
2023-01-03 14:17:07,628 [ERROR] DbBoards:189 - Image file not found for board NUCLEO-WB55RG: D:\Workspace_DEEP\STM32CubeIDE_1.7.0\STM32CubeIDE\plugins\com.st.stm32cube.common.mx_6.3.0.202107141111\\db\/plugins/mcufinder/images/boards/nucleo-wb55rg_small.jpg
2023-01-03 14:17:08,465 [INFO] ApiDb:251 - Load user favorites file C:\Users\matis/.stm32cubeide/favorites.boards.txt: 0 item(s)
2023-01-03 14:17:08,465 [INFO] ApiDb:255 - User favorites Boards=[]
2023-01-03 14:17:08,465 [INFO] DbBoards:206 - Set 0 / 0 favorites Boards
2023-01-03 14:17:08,578 [INFO] LoadUrlFilesThread:172 - End of LoadServerUrlFiles without Thread
2023-01-03 14:17:08,578 [INFO] TargetSelectorAdapter:224 - Refresh data is successful
2023-01-03 14:17:08,849 [INFO] ApiDb:479 - Connected to CubeFinder SQLite database (C:\Users\matis\.stmcufinder\plugins\mcufinder\mcu\cube-finder-db.db)
2023-01-03 14:17:11,000 [INFO] DbExamplesSqlite:411 - Ignored 31 examples not supported by CubeIDE
2023-01-03 14:17:11,000 [INFO] DbExamplesSqlite:412 - Found 6218 examples active
2023-01-03 14:17:11,000 [INFO] DbExamplesSqlite:413 - Found 275 examples obsolete
2023-01-03 14:17:11,000 [INFO] DbExamplesSqlite:414 - Found 0 examples under development
2023-01-03 14:17:11,000 [INFO] DbExamplesSqlite:415 - Found 76 examples not building
2023-01-03 14:17:11,162 [INFO] DbExamplesSqlite:108 - CubeFinder database Data Model version=2.1
2023-01-03 14:17:11,162 [INFO] DbExamplesSqlite:109 - CubeFinder database Configuration version=3.0.35
2023-01-03 14:17:11,162 [INFO] DbExamplesSqlite:110 - CubeFinder database generation date=2022-12-01 (1669903473)
2023-01-03 14:17:11,162 [INFO] DbExamplesSqlite:111 - CubeFinder database FW Pack versions=[FP-ATR-ASTRA1_V1.1.1, STM32Cube_FW_C0_V1.0.0, STM32Cube_FW_F4_V1.27.1, STM32Cube_FW_F7_V1.17.0, STM32Cube_FW_G0_V1.6.1, STM32Cube_FW_G4_V1.5.0, STM32Cube_FW_H5_V0.5.1, STM32Cube_FW_H7_V1.11.0, STM32Cube_FW_L5_V1.5.0, STM32Cube_FW_U5_V1.1.1, STM32Cube_FW_WBA_V0.2.0, STM32Cube_FW_WB_V1.15.0, STM32Cube_FW_WB_V1.15.0RC1, STM32Cube_FW_WL_V1.3.0, X-CUBE-ALGOBUILD_V1.3.0, X-CUBE-ALS_V1.0.1, X-CUBE-AZRTOS-F4_V1.1.0, X-CUBE-AZRTOS-F7_V1.1.0, X-CUBE-AZRTOS-G0_V1.1.0, X-CUBE-AZRTOS-G4_V1.0.0, X-CUBE-AZRTOS-H7_V2.1.0, X-CUBE-AZRTOS-L4_V1.0.0, X-CUBE-AZRTOS-L5_V1.0.0, X-CUBE-AZRTOS-WL_V1.0.0, X-CUBE-BLE1_V6.2.4, X-CUBE-BLE2_V3.3.0, X-CUBE-BLEMGR_V1.3.0, X-CUBE-EEPRMA1_V3.1.1, X-CUBE-GNSS1_V6.0.0, X-CUBE-MEMS1_V9.1.0, X-CUBE-MEMS1_V9.3.0, X-CUBE-NFC4_V2.0.5, X-CUBE-NFC7_V1.0.0, X-CUBE-SFXS2LP1_V4.0.0, X-CUBE-SUBG2_V5.0.0]
2023-01-03 14:17:11,162 [INFO] DbExamples:130 - Found 6263 examples
2023-01-03 14:17:12,858 [ERROR] DbExamples:206 - Found 6263 examples with invalid data (board or MCU)
2023-01-03 14:17:12,858 [INFO] DbExamples:222 - Found 74 boards with related examples
2023-01-03 14:17:12,858 [INFO] DbExamples:235 - Found 0 MCUs with related examples
2023-01-03 14:17:12,909 [INFO] ApiDb:242 - User favorites file not found: C:\Users\matis/.stm32cubeide/favorites.examples.txt
2023-01-03 14:17:12,909 [INFO] DbExamples:256 - Set 0 / 0 favorites Examples
2023-01-03 14:17:13,559 [INFO] McuFinderGlobals:52 - Set McuFinderConnectedMode to false
2023-01-03 14:17:13,718 [INFO] CrossSelectorPresenter:1330 - Cross Selector saved comparison directory: C:\Users\matis\.stmcufinder\plugins\mcufinder\mcu\cs_comparisons_mx
2023-01-03 14:17:13,726 [INFO] MultiScanPanel:197 - Auto-refresh data requested => check proxy status ongoing
2023-01-03 14:17:13,726 [INFO] MultiScanPanel:201 - Proxy status is invalid
2023-01-03 14:17:13,734 [INFO] FinderPluginLoader:87 - Searching for filters in installed packs
2023-01-03 14:17:14,451 [INFO] DetailPanel:309 - Set advertising image to C:/Users/matis/STM32Cube/Repository/\en.Prom_NBSTM32U50921.jpg
2023-01-03 14:17:34,462 [INFO] McuFinderGlobals:52 - Set McuFinderConnectedMode to true
2023-01-03 14:17:34,626 [INFO] ApiDb:276 - Save user favorites file C:\Users\matis/.stm32cubeide/favorites.mcus.txt: 0 item(s)
2023-01-03 14:17:34,626 [INFO] ApiDb:280 - User favorites MCUs=[]
